<?xml version="1.0" encoding="UTF-8"?>
<testng-results ignored="0" total="1" passed="1" failed="0" skipped="0">
  <reporter-output>
  </reporter-output>
  <suite started-at="2023-10-26T10:57:20 IST" name="Suite" finished-at="2023-10-26T10:57:28 IST" duration-ms="8408">
    <groups>
    </groups>
    <test started-at="2023-10-26T10:57:20 IST" name="Test" finished-at="2023-10-26T10:57:28 IST" duration-ms="8408">
      <class name="Testcase.Tc001">
        <test-method is-config="true" signature="openapplication()[pri:0, instance:Testcase.Tc001@3bf7ca37]" started-at="2023-10-26T10:57:20 IST" name="openapplication" finished-at="2023-10-26T10:57:23 IST" duration-ms="3587" status="PASS">
          <reporter-output>
          </reporter-output>
        </test-method> <!-- openapplication -->
        <test-method signature="Loginapplication()[pri:0, instance:Testcase.Tc001@3bf7ca37]" started-at="2023-10-26T10:57:23 IST" name="Loginapplication" finished-at="2023-10-26T10:57:28 IST" duration-ms="4582" status="PASS">
          <reporter-output>
          </reporter-output>
        </test-method> <!-- Loginapplication -->
        <test-method is-config="true" signature="closeapplication()[pri:0, instance:Testcase.Tc001@3bf7ca37]" started-at="2023-10-26T10:57:28 IST" name="closeapplication" finished-at="2023-10-26T10:57:28 IST" duration-ms="1" status="PASS">
          <reporter-output>
          </reporter-output>
        </test-method> <!-- closeapplication -->
      </class> <!-- Testcase.Tc001 -->
    </test> <!-- Test -->
  </suite> <!-- Suite -->
</testng-results>
